SCHEFILE=scheduler.json
DASK_WORKERS=1
THREADS_PER_WORKER=1
2025-06-10 15:09:41,600 - distributed.scheduler - INFO - -----------------------------------------------
2025-06-10 15:09:41,936 - distributed.http.proxy - INFO - To route to workers diagnostics web server please install jupyter-server-proxy: python -m pip install jupyter-server-proxy
2025-06-10 15:09:41,958 - distributed.scheduler - INFO - State start
2025-06-10 15:09:41,959 - distributed.diskutils - INFO - Found stale lock file and directory '/tmp/dask-scratch-space/worker-_hg6lobl', purging
2025-06-10 15:09:41,962 - distributed.scheduler - INFO - -----------------------------------------------
2025-06-10 15:09:41,963 - distributed.scheduler - INFO -   Scheduler at:      tcp://127.0.0.1:8786
2025-06-10 15:09:41,963 - distributed.scheduler - INFO -   dashboard at:  http://127.0.0.1:8787/status
2025-06-10 15:09:41,963 - distributed.scheduler - INFO - Registering Worker plugin shuffle
2025-06-10 15:09:45,329 - distributed.nanny - INFO -         Start Nanny at: 'tcp://127.0.0.1:33471'
2025-06-10 15:09:45,585 - distributed.scheduler - INFO - Receive client connection: Client-2e134a27-45fc-11f0-91f5-8cec4bde9f5b
2025-06-10 15:09:45,605 - distributed.core - INFO - Starting established connection to tcp://127.0.0.1:34302
2025-06-10 15:09:45,786 - distributed.scheduler - INFO - Receive client connection: Client-2e338c5d-45fc-11f0-91f4-8cec4bde9f5b
2025-06-10 15:09:45,786 - distributed.core - INFO - Starting established connection to tcp://127.0.0.1:34318
2025-06-10 15:09:46,199 - distributed.worker - INFO -       Start worker at:      tcp://127.0.0.1:39371
2025-06-10 15:09:46,199 - distributed.worker - INFO -          Listening to:      tcp://127.0.0.1:39371
2025-06-10 15:09:46,199 - distributed.worker - INFO -          dashboard at:            127.0.0.1:32937
2025-06-10 15:09:46,199 - distributed.worker - INFO - Waiting to connect to:       tcp://127.0.0.1:8786
2025-06-10 15:09:46,199 - distributed.worker - INFO - -------------------------------------------------
2025-06-10 15:09:46,199 - distributed.worker - INFO -               Threads:                          1
2025-06-10 15:09:46,199 - distributed.worker - INFO -                Memory:                   3.88 GiB
2025-06-10 15:09:46,199 - distributed.worker - INFO -       Local Directory: /tmp/dask-scratch-space/worker-iiy2tddm
2025-06-10 15:09:46,199 - distributed.worker - INFO - -------------------------------------------------
2025-06-10 15:09:46,211 - distributed.scheduler - INFO - Register worker addr: tcp://127.0.0.1:39371 name: tcp://127.0.0.1:39371
2025-06-10 15:09:46,211 - distributed.scheduler - INFO - Starting worker compute stream, tcp://127.0.0.1:39371
2025-06-10 15:09:46,211 - distributed.core - INFO - Starting established connection to tcp://127.0.0.1:34336
2025-06-10 15:09:46,211 - distributed.worker - INFO - Starting Worker plugin shuffle
2025-06-10 15:09:46,212 - distributed.worker - INFO -         Registered to:       tcp://127.0.0.1:8786
2025-06-10 15:09:46,212 - distributed.worker - INFO - -------------------------------------------------
2025-06-10 15:09:46,212 - distributed.core - INFO - Starting established connection to tcp://127.0.0.1:8786
Analytics client connected
['tcp://127.0.0.1:39371']
Simulation client connected
['tcp://127.0.0.1:39371']
2025-06-10 15:09:47,611 - distributed.worker - INFO - Run out-of-band function 'lambda'
Dimension of array :  adaptative
Number of timesteps :  37
Length simulated timestep :  1
Task  0  submitted
2025-06-10 15:09:50,662 - distributed.scheduler - INFO - Client Client-2e338c5d-45fc-11f0-91f4-8cec4bde9f5b requests to cancel 1 keys
Task  1  submitted
2025-06-10 15:09:51,680 - distributed.scheduler - INFO - Client Client-2e338c5d-45fc-11f0-91f4-8cec4bde9f5b requests to cancel 1 keys
Task  2  submitted
2025-06-10 15:09:52,709 - distributed.scheduler - INFO - Client Client-2e338c5d-45fc-11f0-91f4-8cec4bde9f5b requests to cancel 1 keys
Task  3  submitted
2025-06-10 15:09:53,783 - distributed.scheduler - INFO - Client Client-2e338c5d-45fc-11f0-91f4-8cec4bde9f5b requests to cancel 1 keys
Task  4  submitted
2025-06-10 15:09:54,785 - distributed.scheduler - INFO - Client Client-2e338c5d-45fc-11f0-91f4-8cec4bde9f5b requests to cancel 1 keys
Task  5  submitted
2025-06-10 15:09:55,810 - distributed.scheduler - INFO - Client Client-2e338c5d-45fc-11f0-91f4-8cec4bde9f5b requests to cancel 1 keys
Task  6  submitted
2025-06-10 15:09:56,847 - distributed.scheduler - INFO - Client Client-2e338c5d-45fc-11f0-91f4-8cec4bde9f5b requests to cancel 1 keys
Task  7  submitted
2025-06-10 15:09:57,877 - distributed.scheduler - INFO - Client Client-2e338c5d-45fc-11f0-91f4-8cec4bde9f5b requests to cancel 1 keys
Task  8  submitted
2025-06-10 15:09:58,929 - distributed.scheduler - INFO - Client Client-2e338c5d-45fc-11f0-91f4-8cec4bde9f5b requests to cancel 1 keys
Task  9  submitted
2025-06-10 15:09:59,939 - distributed.scheduler - INFO - Client Client-2e338c5d-45fc-11f0-91f4-8cec4bde9f5b requests to cancel 1 keys
Task  10  submitted
2025-06-10 15:10:00,959 - distributed.scheduler - INFO - Client Client-2e338c5d-45fc-11f0-91f4-8cec4bde9f5b requests to cancel 1 keys
Task  11  submitted
2025-06-10 15:10:01,987 - distributed.scheduler - INFO - Client Client-2e338c5d-45fc-11f0-91f4-8cec4bde9f5b requests to cancel 1 keys
Task  12  submitted
2025-06-10 15:10:03,073 - distributed.scheduler - INFO - Client Client-2e338c5d-45fc-11f0-91f4-8cec4bde9f5b requests to cancel 1 keys
Task  13  submitted
2025-06-10 15:10:04,177 - distributed.scheduler - INFO - Client Client-2e338c5d-45fc-11f0-91f4-8cec4bde9f5b requests to cancel 1 keys
Task  14  submitted
2025-06-10 15:10:05,276 - distributed.scheduler - INFO - Client Client-2e338c5d-45fc-11f0-91f4-8cec4bde9f5b requests to cancel 1 keys
Task  15  submitted
2025-06-10 15:10:06,466 - distributed.scheduler - INFO - Client Client-2e338c5d-45fc-11f0-91f4-8cec4bde9f5b requests to cancel 1 keys
Task  16  submitted
2025-06-10 15:10:07,669 - distributed.scheduler - INFO - Client Client-2e338c5d-45fc-11f0-91f4-8cec4bde9f5b requests to cancel 1 keys
Task  17  submitted
2025-06-10 15:10:08,878 - distributed.scheduler - INFO - Client Client-2e338c5d-45fc-11f0-91f4-8cec4bde9f5b requests to cancel 1 keys
Task  18  submitted
2025-06-10 15:10:10,222 - distributed.scheduler - INFO - Client Client-2e338c5d-45fc-11f0-91f4-8cec4bde9f5b requests to cancel 1 keys
Task  19  submitted
2025-06-10 15:10:11,632 - distributed.scheduler - INFO - Client Client-2e338c5d-45fc-11f0-91f4-8cec4bde9f5b requests to cancel 1 keys
Task  20  submitted
2025-06-10 15:10:13,017 - distributed.scheduler - INFO - Client Client-2e338c5d-45fc-11f0-91f4-8cec4bde9f5b requests to cancel 1 keys
Task  21  submitted
2025-06-10 15:10:14,646 - distributed.scheduler - INFO - Client Client-2e338c5d-45fc-11f0-91f4-8cec4bde9f5b requests to cancel 1 keys
Task  22  submitted
2025-06-10 15:10:16,540 - distributed.scheduler - INFO - Client Client-2e338c5d-45fc-11f0-91f4-8cec4bde9f5b requests to cancel 1 keys
Task  23  submitted
2025-06-10 15:10:18,345 - distributed.scheduler - INFO - Client Client-2e338c5d-45fc-11f0-91f4-8cec4bde9f5b requests to cancel 1 keys
Task  24  submitted
2025-06-10 15:10:20,271 - distributed.scheduler - INFO - Client Client-2e338c5d-45fc-11f0-91f4-8cec4bde9f5b requests to cancel 1 keys
Task  25  submitted
2025-06-10 15:10:22,565 - distributed.scheduler - INFO - Client Client-2e338c5d-45fc-11f0-91f4-8cec4bde9f5b requests to cancel 1 keys
Task  26  submitted
2025-06-10 15:10:24,656 - distributed.scheduler - INFO - Client Client-2e338c5d-45fc-11f0-91f4-8cec4bde9f5b requests to cancel 1 keys
Task  27  submitted
2025-06-10 15:10:27,095 - distributed.scheduler - INFO - Client Client-2e338c5d-45fc-11f0-91f4-8cec4bde9f5b requests to cancel 1 keys
Task  28  submitted
2025-06-10 15:10:29,887 - distributed.scheduler - INFO - Client Client-2e338c5d-45fc-11f0-91f4-8cec4bde9f5b requests to cancel 1 keys
Task  29  submitted
2025-06-10 15:10:32,627 - distributed.scheduler - INFO - Client Client-2e338c5d-45fc-11f0-91f4-8cec4bde9f5b requests to cancel 1 keys
Task  30  submitted
2025-06-10 15:10:35,974 - distributed.scheduler - INFO - Client Client-2e338c5d-45fc-11f0-91f4-8cec4bde9f5b requests to cancel 1 keys
Task  31  submitted
2025-06-10 15:10:39,315 - distributed.scheduler - INFO - Client Client-2e338c5d-45fc-11f0-91f4-8cec4bde9f5b requests to cancel 1 keys
Task  32  submitted
2025-06-10 15:10:42,911 - distributed.scheduler - INFO - Client Client-2e338c5d-45fc-11f0-91f4-8cec4bde9f5b requests to cancel 1 keys
Task  33  submitted
2025-06-10 15:10:46,874 - distributed.scheduler - INFO - Client Client-2e338c5d-45fc-11f0-91f4-8cec4bde9f5b requests to cancel 1 keys
Task  34  submitted
2025-06-10 15:10:51,116 - distributed.scheduler - INFO - Client Client-2e338c5d-45fc-11f0-91f4-8cec4bde9f5b requests to cancel 1 keys
Task  35  submitted
2025-06-10 15:10:56,345 - distributed.scheduler - INFO - Client Client-2e338c5d-45fc-11f0-91f4-8cec4bde9f5b requests to cancel 1 keys
Task  36  submitted
2025-06-10 15:11:05,217 - distributed.scheduler - INFO - Remove client Client-2e134a27-45fc-11f0-91f5-8cec4bde9f5b
2025-06-10 15:11:05,217 - distributed.core - INFO - Received 'close-stream' from tcp://127.0.0.1:34302; closing.
2025-06-10 15:11:05,217 - distributed.scheduler - INFO - Remove client Client-2e134a27-45fc-11f0-91f5-8cec4bde9f5b
2025-06-10 15:11:05,218 - distributed.scheduler - INFO - Close client connection: Client-2e134a27-45fc-11f0-91f5-8cec4bde9f5b
Matrix for task 0 : size : 1000x1000
Matrix for task 1 : size : 1000x1000
Matrix for task 2 : size : 1000x1000
Matrix for task 3 : size : 1000x1000
Matrix for task 4 : size : 1000x1000
Matrix for task 5 : size : 1000x1000
Matrix for task 6 : size : 1000x1000
Matrix for task 7 : size : 1000x1000
Matrix for task 8 : size : 1000x1000
Matrix for task 9 : size : 1000x1000
Matrix for task 10 : size : 1000x1000
Matrix for task 11 : size : 1000x1000
Matrix for task 12 : size : 2000x2000
Matrix for task 13 : size : 2000x2000
Matrix for task 14 : size : 2000x2000
Matrix for task 15 : size : 3000x3000
Matrix for task 16 : size : 3000x3000
Matrix for task 17 : size : 3000x3000
Matrix for task 18 : size : 4000x4000
Matrix for task 19 : size : 4000x4000
Matrix for task 20 : size : 4000x4000
Matrix for task 21 : size : 5000x5000
Matrix for task 22 : size : 5000x5000
Matrix for task 23 : size : 5000x5000
Matrix for task 24 : size : 6000x6000
Matrix for task 25 : size : 6000x6000
Matrix for task 26 : size : 6000x6000
Matrix for task 27 : size : 7000x7000
Matrix for task 28 : size : 7000x7000
Matrix for task 29 : size : 7000x7000
Matrix for task 30 : size : 8000x8000
Matrix for task 31 : size : 8000x8000
Matrix for task 32 : size : 8000x8000
Matrix for task 33 : size : 9000x9000
Matrix for task 34 : size : 9000x9000
Matrix for task 35 : size : 9000x9000
Matrix for task 36 : size : 10000x10000

Finished

2025-06-10 15:11:35,196 - distributed.scheduler - INFO - Remove client Client-2e338c5d-45fc-11f0-91f4-8cec4bde9f5b
2025-06-10 15:11:35,196 - distributed.core - INFO - Received 'close-stream' from tcp://127.0.0.1:34318; closing.
2025-06-10 15:11:35,196 - distributed.scheduler - INFO - Remove client Client-2e338c5d-45fc-11f0-91f4-8cec4bde9f5b
2025-06-10 15:11:35,196 - distributed.scheduler - INFO - Close client connection: Client-2e338c5d-45fc-11f0-91f4-8cec4bde9f5b
2025-06-10 15:11:40,478 - distributed._signals - INFO - Received signal SIGINT (2)
2025-06-10 15:11:40,478 - distributed.scheduler - INFO - Closing scheduler. Reason: signal-2
2025-06-10 15:11:40,479 - distributed.scheduler - INFO - Scheduler closing all comms
2025-06-10 15:11:40,479 - distributed.core - INFO - Connection to tcp://127.0.0.1:34336 has been closed.
2025-06-10 15:11:40,480 - distributed.scheduler - INFO - Remove worker addr: tcp://127.0.0.1:39371 name: tcp://127.0.0.1:39371 (stimulus_id='handle-worker-cleanup-1749561100.4799616')
2025-06-10 15:11:40,479 - distributed.worker - INFO - Stopping worker at tcp://127.0.0.1:39371. Reason: scheduler-close
2025-06-10 15:11:40,480 - distributed.scheduler - INFO - Lost all workers
2025-06-10 15:11:40,481 - distributed.scheduler - INFO - Stopped scheduler at 'tcp://127.0.0.1:8786'
2025-06-10 15:11:40,481 - distributed.scheduler - INFO - End scheduler
2025-06-10 15:11:40,481 - distributed.batched - INFO - Batched Comm Closed <TCP (closed) Worker->Scheduler local=tcp://127.0.0.1:34336 remote=tcp://127.0.0.1:8786>
Traceback (most recent call last):
  File "/local/home/il283964/jupyter/lib/python3.12/site-packages/distributed/comm/tcp.py", line 298, in write
    raise StreamClosedError()
tornado.iostream.StreamClosedError: Stream is closed

The above exception was the direct cause of the following exception:

Traceback (most recent call last):
  File "/local/home/il283964/jupyter/lib/python3.12/site-packages/distributed/batched.py", line 115, in _background_send
    nbytes = yield coro
             ^^^^^^^^^^
  File "/local/home/il283964/jupyter/lib/python3.12/site-packages/tornado/gen.py", line 769, in run
    value = future.result()
            ^^^^^^^^^^^^^^^
  File "/local/home/il283964/jupyter/lib/python3.12/site-packages/distributed/comm/tcp.py", line 308, in write
    convert_stream_closed_error(self, e)
  File "/local/home/il283964/jupyter/lib/python3.12/site-packages/distributed/comm/tcp.py", line 137, in convert_stream_closed_error
    raise CommClosedError(f"in {obj}: {exc}") from exc
distributed.comm.core.CommClosedError: in <TCP (closed) Worker->Scheduler local=tcp://127.0.0.1:34336 remote=tcp://127.0.0.1:8786>: Stream is closed
2025-06-10 15:11:40,483 - distributed.nanny - INFO - Closing Nanny gracefully at 'tcp://127.0.0.1:33471'. Reason: scheduler-close
2025-06-10 15:11:40,483 - distributed.worker - INFO - Removing Worker plugin shuffle
2025-06-10 15:11:40,484 - distributed.core - INFO - Received 'close-stream' from tcp://127.0.0.1:8786; closing.
2025-06-10 15:11:40,485 - distributed.nanny - INFO - Worker closed
2025-06-10 15:11:42,486 - distributed.nanny - ERROR - Worker process died unexpectedly
2025-06-10 15:11:42,655 - distributed.nanny - INFO - Closing Nanny at 'tcp://127.0.0.1:33471'. Reason: nanny-close-gracefully
2025-06-10 15:11:42,656 - distributed.nanny - INFO - Nanny at 'tcp://127.0.0.1:33471' closed.
2025-06-10 15:11:42,656 - distributed.dask_worker - INFO - End worker
